<html>
<body>
<pre>
<h1>Vision Build Log</h1>
<h2>Project:</h2>
C:\Users\Channe\Documents\GitHub\Hardware-Code\C51 流水灯\新建文件夹\rolling L.uvproj
Project File Date:  11/04/2014

<h2>Output:</h2>
compiling main.c...
main.c - 0 Error(s), 0 Warning(s).
Build target 'Target 1'
assembling STARTUP.A51...
linking...
Program Size: data=11.0 xdata=0 code=138
"rolling L" - 0 Error(s), 0 Warning(s).
Build target 'Target 1'
assembling STARTUP.A51...
compiling main.c...
linking...
Program Size: data=11.0 xdata=0 code=138
creating hex file from "rolling L"...
"rolling L" - 0 Error(s), 0 Warning(s).
Build target 'Target 1'
assembling STARTUP.A51...
compiling main.c...
linking...
Program Size: data=11.0 xdata=0 code=138
creating hex file from "rolling L"...
"rolling L" - 0 Error(s), 0 Warning(s).
compiling main.c...
MAIN.C(12): error C141: syntax error near 'while'
main.c - 1 Error(s), 0 Warning(s).
compiling main.c...
main.c - 0 Error(s), 0 Warning(s).
compiling main.c...
MAIN.C(7): error C231: 'LED': redefinition
MAIN.C(8): error C231: 'LED': redefinition
MAIN.C(8): error C141: syntax error near 'int'
main.c - 3 Error(s), 0 Warning(s).
compiling main.c...
MAIN.C(15): error C141: syntax error near 'for'
main.c - 1 Error(s), 0 Warning(s).
compiling main.c...
MAIN.C(16): error C141: syntax error near 'for'
main.c - 1 Error(s), 0 Warning(s).
compiling main.c...
MAIN.C(13): error C141: syntax error near 'while'
main.c - 1 Error(s), 0 Warning(s).
compiling main.c...
main.c - 0 Error(s), 0 Warning(s).
Build target 'Target 1'
compiling main.c...
linking...
Program Size: data=10.0 xdata=0 code=114
creating hex file from "rolling L"...
"rolling L" - 0 Error(s), 0 Warning(s).
Build target 'Target 1'
assembling STARTUP.A51...
compiling main.c...
linking...
Program Size: data=10.0 xdata=0 code=114
creating hex file from "rolling L"...
"rolling L" - 0 Error(s), 0 Warning(s).
compiling main.c...
main.c - 0 Error(s), 0 Warning(s).
Build target 'Target 1'
linking...
Program Size: data=10.0 xdata=0 code=114
creating hex file from "rolling L"...
"rolling L" - 0 Error(s), 0 Warning(s).
Build target 'Target 1'
assembling STARTUP.A51...
compiling main.c...
linking...
Program Size: data=10.0 xdata=0 code=114
creating hex file from "rolling L"...
"rolling L" - 0 Error(s), 0 Warning(s).
compiling main.c...
main.c - 0 Error(s), 0 Warning(s).
Build target 'Target 1'
linking...
Program Size: data=10.0 xdata=0 code=114
creating hex file from "rolling L"...
"rolling L" - 0 Error(s), 0 Warning(s).
Build target 'Target 1'
assembling STARTUP.A51...
compiling main.c...
linking...
Program Size: data=10.0 xdata=0 code=114
creating hex file from "rolling L"...
"rolling L" - 0 Error(s), 0 Warning(s).
Build target 'Target 1'
assembling STARTUP.A51...
compiling main.c...
MAIN.C(14): error C141: syntax error near '='
MAIN.C(20): error C141: syntax error near '='
Target not created
compiling main.c...
MAIN.C(14): error C141: syntax error near '='
MAIN.C(20): error C141: syntax error near '='
main.c - 2 Error(s), 0 Warning(s).
compiling main.c...
MAIN.C(14): error C141: syntax error near '='
MAIN.C(20): error C141: syntax error near '='
main.c - 2 Error(s), 0 Warning(s).
compiling main.c...
MAIN.C(14): warning C275: expression with possibly no effect
MAIN.C(14): error C141: syntax error near '='
MAIN.C(20): error C141: syntax error near '='
MAIN.C(20): error C141: syntax error near ';'
main.c - 3 Error(s), 1 Warning(s).
compiling main.c...
MAIN.C(14): warning C275: expression with possibly no effect
MAIN.C(14): error C141: syntax error near '='
MAIN.C(20): error C141: syntax error near '='
MAIN.C(20): error C141: syntax error near ';'
main.c - 3 Error(s), 1 Warning(s).
compiling main.c...
MAIN.C(14): warning C275: expression with possibly no effect
MAIN.C(14): error C141: syntax error near '='
MAIN.C(20): error C141: syntax error near '='
MAIN.C(20): error C141: syntax error near ';'
main.c - 3 Error(s), 1 Warning(s).
compiling main.c...
MAIN.C(14): warning C275: expression with possibly no effect
MAIN.C(14): error C141: syntax error near '='
MAIN.C(20): error C141: syntax error near '='
MAIN.C(20): error C141: syntax error near ';'
main.c - 3 Error(s), 1 Warning(s).
