<html>
<body>
<pre>
<h1>Vision Build Log</h1>
<h2>Project:</h2>
D:\C51 单片机学习 程序存盘\C51 中断\interrupt.uvproj
Project File Date:  10/15/2014

<h2>Output:</h2>
compiling tube.c...
tube.c(3): warning C318: can't open file 'delay.h'
TUBE.C(40): warning C206: 'delay10ms': missing function-prototype
TUBE.C(40): error C267: 'delay10ms': requires ANSI-style prototype
tube.c - 1 Error(s), 2 Warning(s).
compiling main.c...
TUBE.H(8): error C127: 'smg1': invalid storage class
TUBE.H(11): error C132: '_display': not in formal parameter list
MAIN.C(6): error C141: syntax error near 'sbit'
main.c - 3 Error(s), 0 Warning(s).
compiling main.c...
TUBE.H(8): error C127: 'smg1': invalid storage class
TUBE.H(11): error C132: '_display': not in formal parameter list
MAIN.C(6): error C141: syntax error near 'sbit'
main.c - 3 Error(s), 0 Warning(s).
Build target 'Target 1'
assembling STARTUP.A51...
compiling delay.c...
compiling IntConfig.c...
INTCONFIG.C(5): error C136: 'IntConfiguration': 'void' on variable
INTCONFIG.C(5): error C129: missing ';' before '{'
compiling main.c...
TUBE.H(8): error C127: 'smg1': invalid storage class
TUBE.H(11): error C132: '_display': not in formal parameter list
MAIN.C(6): error C141: syntax error near 'sbit'
compiling tube.c...
TUBE.C(40): warning C206: 'delay10ms': missing function-prototype
TUBE.C(40): error C267: 'delay10ms': requires ANSI-style prototype
Target not created
compiling main.c...
TUBE.H(8): error C127: 'smg1': invalid storage class
TUBE.H(11): error C132: '_display': not in formal parameter list
MAIN.C(6): error C141: syntax error near 'sbit'
main.c - 3 Error(s), 0 Warning(s).
Build target 'Target 1'
compiling IntConfig.c...
INTCONFIG.C(5): error C136: 'IntConfiguration': 'void' on variable
INTCONFIG.C(5): error C129: missing ';' before '{'
compiling main.c...
TUBE.H(8): error C127: 'smg1': invalid storage class
TUBE.H(11): error C132: '_display': not in formal parameter list
MAIN.C(6): error C141: syntax error near 'sbit'
compiling tube.c...
TUBE.C(40): warning C206: 'delay10ms': missing function-prototype
TUBE.C(40): error C267: 'delay10ms': requires ANSI-style prototype
Target not created
Build target 'Target 1'
assembling STARTUP.A51...
compiling delay.c...
compiling IntConfig.c...
INTCONFIG.C(5): error C136: 'IntConfiguration': 'void' on variable
INTCONFIG.C(5): error C129: missing ';' before '{'
compiling main.c...
TUBE.H(8): error C127: 'smg1': invalid storage class
TUBE.H(11): error C132: '_display': not in formal parameter list
MAIN.C(6): error C141: syntax error near 'sbit'
compiling tube.c...
TUBE.C(40): warning C206: 'delay10ms': missing function-prototype
TUBE.C(40): error C267: 'delay10ms': requires ANSI-style prototype
Target not created
compiling main.c...
TUBE.H(8): error C127: 'smg1': invalid storage class
TUBE.H(11): error C132: '_display': not in formal parameter list
MAIN.C(6): error C141: syntax error near 'sbit'
main.c - 3 Error(s), 0 Warning(s).
compiling tube.c...
TUBE.C(40): warning C206: 'delay10ms': missing function-prototype
TUBE.C(40): error C267: 'delay10ms': requires ANSI-style prototype
tube.c - 1 Error(s), 1 Warning(s).
compiling tube.c...
TUBE.C(40): warning C206: 'delay10ms': missing function-prototype
TUBE.C(40): error C267: 'delay10ms': requires ANSI-style prototype
tube.c - 1 Error(s), 1 Warning(s).
compiling tube.c...
TUBE.C(40): warning C206: 'delay10ms': missing function-prototype
TUBE.C(40): error C267: 'delay10ms': requires ANSI-style prototype
tube.c - 1 Error(s), 1 Warning(s).
compiling main.c...
TUBE.H(8): error C127: 'smg1': invalid storage class
TUBE.H(11): error C132: '_display': not in formal parameter list
MAIN.C(6): error C141: syntax error near 'sbit'
main.c - 3 Error(s), 0 Warning(s).
compiling tube.c...
TUBE.C(40): warning C206: 'delay10ms': missing function-prototype
TUBE.C(40): error C267: 'delay10ms': requires ANSI-style prototype
tube.c - 1 Error(s), 1 Warning(s).
compiling delay.c...
delay.c - 0 Error(s), 0 Warning(s).
compiling delay.c...
delay.c - 0 Error(s), 0 Warning(s).
compiling IntConfig.c...
INTCONFIG.C(5): error C136: 'IntConfiguration': 'void' on variable
INTCONFIG.C(5): error C129: missing ';' before '{'
IntConfig.c - 2 Error(s), 0 Warning(s).
compiling IntConfig.c...
INTCONFIG.C(5): error C136: 'IntConfiguration': 'void' on variable
INTCONFIG.C(5): error C129: missing ';' before '{'
IntConfig.c - 2 Error(s), 0 Warning(s).
compiling IntConfig.c...
INTCONFIG.C(5): error C136: 'IntConfiguration': 'void' on variable
INTCONFIG.C(5): error C129: missing ';' before '{'
IntConfig.c - 2 Error(s), 0 Warning(s).
compiling IntConfig.c...
INTCONFIG.C(4): error C136: 'IntConfiguration': 'void' on variable
INTCONFIG.C(5): error C141: syntax error near '{'
INTCONFIG.C(7): error C231: 'IT0': redefinition
INTCONFIG.C(7): error C231: 'IT0': redefinition
INTCONFIG.C(8): error C231: 'EX0': redefinition
INTCONFIG.C(8): error C231: 'EX0': redefinition
INTCONFIG.C(10): error C231: 'IT1': redefinition
INTCONFIG.C(10): error C231: 'IT1': redefinition
INTCONFIG.C(11): error C231: 'EX1': redefinition
INTCONFIG.C(11): error C231: 'EX1': redefinition
INTCONFIG.C(13): error C231: 'EA': redefinition
INTCONFIG.C(13): error C231: 'EA': redefinition
INTCONFIG.C(14): error C141: syntax error near '}'
INTCONFIG.C(18): error C136: 'Int0': 'void' on variable
INTCONFIG.C(18): error C129: missing ';' before '{'
IntConfig.c - 15 Error(s), 0 Warning(s).
compiling IntConfig.c...
INTCONFIG.C(5): error C136: 'IntConfiguration': 'void' on variable
INTCONFIG.C(5): error C129: missing ';' before '{'
IntConfig.c - 2 Error(s), 0 Warning(s).
compiling IntConfig.c...
INTCONFIG.C(5): error C136: 'IntConfiguration': 'void' on variable
INTCONFIG.C(5): error C141: syntax error near '{'
INTCONFIG.C(7): error C231: 'IT0': redefinition
INTCONFIG.C(7): error C231: 'IT0': redefinition
INTCONFIG.C(8): error C231: 'EX0': redefinition
INTCONFIG.C(8): error C231: 'EX0': redefinition
INTCONFIG.C(10): error C231: 'IT1': redefinition
INTCONFIG.C(10): error C231: 'IT1': redefinition
INTCONFIG.C(11): error C231: 'EX1': redefinition
INTCONFIG.C(11): error C231: 'EX1': redefinition
INTCONFIG.C(13): error C231: 'EA': redefinition
INTCONFIG.C(13): error C231: 'EA': redefinition
INTCONFIG.C(14): error C141: syntax error near '}'
INTCONFIG.C(18): error C136: 'Int0': 'void' on variable
INTCONFIG.C(18): error C129: missing ';' before '{'
IntConfig.c - 15 Error(s), 0 Warning(s).
compiling IntConfig.c...
INTCONFIG.C(5): error C136: 'IntConfiguration': 'void' on variable
INTCONFIG.C(5): error C129: missing ';' before '{'
IntConfig.c - 2 Error(s), 0 Warning(s).
compiling main.c...
TUBE.H(8): error C127: 'smg1': invalid storage class
TUBE.H(11): error C132: '_display': not in formal parameter list
MAIN.C(6): error C141: syntax error near 'sbit'
main.c - 3 Error(s), 0 Warning(s).
Build target 'Target 1'
compiling IntConfig.c...
INTCONFIG.C(5): error C136: 'IntConfiguration': 'void' on variable
INTCONFIG.C(5): error C129: missing ';' before '{'
compiling main.c...
TUBE.H(8): error C127: 'smg1': invalid storage class
TUBE.H(11): error C132: '_display': not in formal parameter list
MAIN.C(6): error C141: syntax error near 'sbit'
compiling tube.c...
TUBE.C(40): warning C206: 'delay10ms': missing function-prototype
TUBE.C(40): error C267: 'delay10ms': requires ANSI-style prototype
Target not created
compiling tube.c...
TUBE.C(40): warning C206: 'delay10ms': missing function-prototype
TUBE.C(40): error C267: 'delay10ms': requires ANSI-style prototype
tube.c - 1 Error(s), 1 Warning(s).
compiling tube.c...
TUBE.C(40): warning C206: 'delay10ms': missing function-prototype
TUBE.C(40): error C267: 'delay10ms': requires ANSI-style prototype
tube.c - 1 Error(s), 1 Warning(s).
compiling main.c...
TUBE.H(8): error C127: 'smg1': invalid storage class
TUBE.H(11): error C132: '_display': not in formal parameter list
MAIN.C(6): error C141: syntax error near 'sbit'
main.c - 3 Error(s), 0 Warning(s).
compiling main.c...
TUBE.H(11): error C132: '_display': not in formal parameter list
MAIN.C(6): error C141: syntax error near 'sbit'
main.c - 2 Error(s), 0 Warning(s).
compiling main.c...
TUBE.H(11): error C132: '_display': not in formal parameter list
MAIN.C(6): error C141: syntax error near 'sbit'
main.c - 2 Error(s), 0 Warning(s).
compiling main.c...
TUBE.H(11): error C132: '_display': not in formal parameter list
MAIN.C(6): error C141: syntax error near 'sbit'
main.c - 2 Error(s), 0 Warning(s).
compiling IntConfig.c...
INTCONFIG.C(5): error C136: 'IntConfiguration': 'void' on variable
INTCONFIG.C(5): error C129: missing ';' before '{'
IntConfig.c - 2 Error(s), 0 Warning(s).
compiling tube.c...
TUBE.C(40): warning C206: 'delay10ms': missing function-prototype
TUBE.C(40): error C267: 'delay10ms': requires ANSI-style prototype
tube.c - 1 Error(s), 1 Warning(s).
